#! /usr/bin/vvp
:ivl_version "10.1 (stable)";
:ivl_delay_selection "TYPICAL";
:vpi_time_precision + 0;
:vpi_module "system";
:vpi_module "vhdl_sys";
:vpi_module "v2005_math";
:vpi_module "va_math";
S_0x7fffd2551970 .scope module, "DownASync_tb" "DownASync_tb" 2 3;
 .timescale 0 0;
v0x7fffd2578990_0 .var "clk", 0 0;
v0x7fffd2578a30_0 .net "q", 4 1, L_0x7fffd25794b0;  1 drivers
v0x7fffd2578af0_0 .var "reset", 0 0;
S_0x7fffd2554c00 .scope module, "Downasync" "DownASync" 2 14, 3 3 0, S_0x7fffd2551970;
 .timescale 0 0;
    .port_info 0 /INPUT 1 "clk"
    .port_info 1 /INPUT 1 "reset"
    .port_info 2 /OUTPUT 4 "q"
L_0x7fffd2578ce0 .functor NOT 1, L_0x7fffd2578bc0, C4<0>, C4<0>, C4<0>;
L_0x7fffd2578e40 .functor NOT 1, L_0x7fffd2578da0, C4<0>, C4<0>, C4<0>;
L_0x7fffd25790d0 .functor NOT 1, L_0x7fffd2578fd0, C4<0>, C4<0>, C4<0>;
L_0x7fffd2579320 .functor NOT 1, L_0x7fffd2579210, C4<0>, C4<0>, C4<0>;
v0x7fffd2578340_0 .net *"_s1", 0 0, L_0x7fffd2578bc0;  1 drivers
v0x7fffd2578440_0 .net *"_s15", 0 0, L_0x7fffd2578fd0;  1 drivers
v0x7fffd2578520_0 .net *"_s23", 0 0, L_0x7fffd2579210;  1 drivers
v0x7fffd25785e0_0 .net *"_s7", 0 0, L_0x7fffd2578da0;  1 drivers
v0x7fffd25786c0_0 .net "clk", 0 0, v0x7fffd2578990_0;  1 drivers
v0x7fffd25787b0_0 .net "q", 4 1, L_0x7fffd25794b0;  alias, 1 drivers
v0x7fffd2578870_0 .net "reset", 0 0, v0x7fffd2578af0_0;  1 drivers
L_0x7fffd2578bc0 .part L_0x7fffd25794b0, 0, 1;
L_0x7fffd2578da0 .part L_0x7fffd25794b0, 1, 1;
L_0x7fffd2578f30 .part L_0x7fffd25794b0, 0, 1;
L_0x7fffd2578fd0 .part L_0x7fffd25794b0, 2, 1;
L_0x7fffd2579170 .part L_0x7fffd25794b0, 1, 1;
L_0x7fffd2579210 .part L_0x7fffd25794b0, 3, 1;
L_0x7fffd2579410 .part L_0x7fffd25794b0, 2, 1;
L_0x7fffd25794b0 .concat8 [ 1 1 1 1], v0x7fffd2552270_0, v0x7fffd25774c0_0, v0x7fffd2577ac0_0, v0x7fffd2578120_0;
S_0x7fffd2557600 .scope module, "dff_1" "DFF" 3 16, 4 1 0, S_0x7fffd2554c00;
 .timescale 0 0;
    .port_info 0 /INPUT 1 "d"
    .port_info 1 /INPUT 1 "clk"
    .port_info 2 /INPUT 1 "reset"
    .port_info 3 /OUTPUT 1 "q"
v0x7fffd2554ff0_0 .net "clk", 0 0, v0x7fffd2578990_0;  alias, 1 drivers
v0x7fffd2553930_0 .net "d", 0 0, L_0x7fffd2578ce0;  1 drivers
v0x7fffd2552270_0 .var "q", 0 0;
v0x7fffd2550bb0_0 .net "reset", 0 0, v0x7fffd2578af0_0;  alias, 1 drivers
E_0x7fffd2548d50 .event posedge, v0x7fffd2550bb0_0, v0x7fffd2554ff0_0;
S_0x7fffd25770a0 .scope module, "dff_2" "DFF" 3 17, 4 1 0, S_0x7fffd2554c00;
 .timescale 0 0;
    .port_info 0 /INPUT 1 "d"
    .port_info 1 /INPUT 1 "clk"
    .port_info 2 /INPUT 1 "reset"
    .port_info 3 /OUTPUT 1 "q"
v0x7fffd2577320_0 .net "clk", 0 0, L_0x7fffd2578f30;  1 drivers
v0x7fffd2577400_0 .net "d", 0 0, L_0x7fffd2578e40;  1 drivers
v0x7fffd25774c0_0 .var "q", 0 0;
v0x7fffd2577560_0 .net "reset", 0 0, v0x7fffd2578af0_0;  alias, 1 drivers
E_0x7fffd2512cb0 .event posedge, v0x7fffd2550bb0_0, v0x7fffd2577320_0;
S_0x7fffd2577690 .scope module, "dff_3" "DFF" 3 18, 4 1 0, S_0x7fffd2554c00;
 .timescale 0 0;
    .port_info 0 /INPUT 1 "d"
    .port_info 1 /INPUT 1 "clk"
    .port_info 2 /INPUT 1 "reset"
    .port_info 3 /OUTPUT 1 "q"
v0x7fffd2577920_0 .net "clk", 0 0, L_0x7fffd2579170;  1 drivers
v0x7fffd2577a00_0 .net "d", 0 0, L_0x7fffd25790d0;  1 drivers
v0x7fffd2577ac0_0 .var "q", 0 0;
v0x7fffd2577b90_0 .net "reset", 0 0, v0x7fffd2578af0_0;  alias, 1 drivers
E_0x7fffd2547730 .event posedge, v0x7fffd2550bb0_0, v0x7fffd2577920_0;
S_0x7fffd2577d00 .scope module, "dff_4" "DFF" 3 19, 4 1 0, S_0x7fffd2554c00;
 .timescale 0 0;
    .port_info 0 /INPUT 1 "d"
    .port_info 1 /INPUT 1 "clk"
    .port_info 2 /INPUT 1 "reset"
    .port_info 3 /OUTPUT 1 "q"
v0x7fffd2577f80_0 .net "clk", 0 0, L_0x7fffd2579410;  1 drivers
v0x7fffd2578060_0 .net "d", 0 0, L_0x7fffd2579320;  1 drivers
v0x7fffd2578120_0 .var "q", 0 0;
v0x7fffd25781f0_0 .net "reset", 0 0, v0x7fffd2578af0_0;  alias, 1 drivers
E_0x7fffd2547840 .event posedge, v0x7fffd2550bb0_0, v0x7fffd2577f80_0;
    .scope S_0x7fffd2557600;
T_0 ;
    %pushi/vec4 0, 0, 1;
    %store/vec4 v0x7fffd2552270_0, 0, 1;
    %end;
    .thread T_0;
    .scope S_0x7fffd2557600;
T_1 ;
    %wait E_0x7fffd2548d50;
    %load/vec4 v0x7fffd2550bb0_0;
    %flag_set/vec4 8;
    %jmp/0xz  T_1.0, 8;
    %pushi/vec4 0, 0, 1;
    %assign/vec4 v0x7fffd2552270_0, 0;
    %jmp T_1.1;
T_1.0 ;
    %load/vec4 v0x7fffd2553930_0;
    %assign/vec4 v0x7fffd2552270_0, 0;
T_1.1 ;
    %jmp T_1;
    .thread T_1;
    .scope S_0x7fffd25770a0;
T_2 ;
    %pushi/vec4 0, 0, 1;
    %store/vec4 v0x7fffd25774c0_0, 0, 1;
    %end;
    .thread T_2;
    .scope S_0x7fffd25770a0;
T_3 ;
    %wait E_0x7fffd2512cb0;
    %load/vec4 v0x7fffd2577560_0;
    %flag_set/vec4 8;
    %jmp/0xz  T_3.0, 8;
    %pushi/vec4 0, 0, 1;
    %assign/vec4 v0x7fffd25774c0_0, 0;
    %jmp T_3.1;
T_3.0 ;
    %load/vec4 v0x7fffd2577400_0;
    %assign/vec4 v0x7fffd25774c0_0, 0;
T_3.1 ;
    %jmp T_3;
    .thread T_3;
    .scope S_0x7fffd2577690;
T_4 ;
    %pushi/vec4 0, 0, 1;
    %store/vec4 v0x7fffd2577ac0_0, 0, 1;
    %end;
    .thread T_4;
    .scope S_0x7fffd2577690;
T_5 ;
    %wait E_0x7fffd2547730;
    %load/vec4 v0x7fffd2577b90_0;
    %flag_set/vec4 8;
    %jmp/0xz  T_5.0, 8;
    %pushi/vec4 0, 0, 1;
    %assign/vec4 v0x7fffd2577ac0_0, 0;
    %jmp T_5.1;
T_5.0 ;
    %load/vec4 v0x7fffd2577a00_0;
    %assign/vec4 v0x7fffd2577ac0_0, 0;
T_5.1 ;
    %jmp T_5;
    .thread T_5;
    .scope S_0x7fffd2577d00;
T_6 ;
    %pushi/vec4 0, 0, 1;
    %store/vec4 v0x7fffd2578120_0, 0, 1;
    %end;
    .thread T_6;
    .scope S_0x7fffd2577d00;
T_7 ;
    %wait E_0x7fffd2547840;
    %load/vec4 v0x7fffd25781f0_0;
    %flag_set/vec4 8;
    %jmp/0xz  T_7.0, 8;
    %pushi/vec4 0, 0, 1;
    %assign/vec4 v0x7fffd2578120_0, 0;
    %jmp T_7.1;
T_7.0 ;
    %load/vec4 v0x7fffd2578060_0;
    %assign/vec4 v0x7fffd2578120_0, 0;
T_7.1 ;
    %jmp T_7;
    .thread T_7;
    .scope S_0x7fffd2551970;
T_8 ;
    %vpi_call 2 10 "$dumpfile", "DownASync_tb.vcd" {0 0 0};
    %vpi_call 2 11 "$dumpvars", 32'sb00000000000000000000000000000000, S_0x7fffd2551970 {0 0 0};
    %end;
    .thread T_8;
    .scope S_0x7fffd2551970;
T_9 ;
    %pushi/vec4 0, 0, 1;
    %store/vec4 v0x7fffd2578af0_0, 0, 1;
    %pushi/vec4 0, 0, 1;
    %store/vec4 v0x7fffd2578990_0, 0, 1;
    %end;
    .thread T_9;
    .scope S_0x7fffd2551970;
T_10 ;
    %delay 5, 0;
    %load/vec4 v0x7fffd2578990_0;
    %nor/r;
    %store/vec4 v0x7fffd2578990_0, 0, 1;
    %jmp T_10;
    .thread T_10;
    .scope S_0x7fffd2551970;
T_11 ;
    %vpi_call 2 36 "$monitor", $time, ": clk=%b, rst=%b,q=%b\012", v0x7fffd2578990_0, v0x7fffd2578af0_0, v0x7fffd2578a30_0 {0 0 0};
    %end;
    .thread T_11;
    .scope S_0x7fffd2551970;
T_12 ;
    %delay 100, 0;
    %vpi_call 2 44 "$finish" {0 0 0};
    %end;
    .thread T_12;
# The file index is used to find the file name in the following table.
:file_names 5;
    "N/A";
    "<interactive>";
    "DownASync_tb.v";
    "./DownASync.v";
    "./DFF.v";
