#! /usr/bin/vvp
:ivl_version "10.1 (stable)";
:ivl_delay_selection "TYPICAL";
:vpi_time_precision + 0;
:vpi_module "system";
:vpi_module "vhdl_sys";
:vpi_module "v2005_math";
:vpi_module "va_math";
S_0x7fffe6038910 .scope module, "TFF_tb" "TFF_tb" 2 3;
 .timescale 0 0;
v0x7fffe6058f50_0 .var "clk", 0 0;
v0x7fffe6059010_0 .var "d", 0 0;
v0x7fffe60590e0_0 .net "q", 0 0, v0x7fffe6058d70_0;  1 drivers
v0x7fffe60591e0_0 .var "reset", 0 0;
E_0x7fffe5ffcda0 .event edge, v0x7fffe6058cb0_0, v0x7fffe6038cd0_0, v0x7fffe6058e10_0, v0x7fffe6058d70_0;
S_0x7fffe6038a90 .scope module, "d1" "TFF" 2 14, 3 1 0, S_0x7fffe6038910;
 .timescale 0 0;
    .port_info 0 /INPUT 1 "d"
    .port_info 1 /INPUT 1 "clk"
    .port_info 2 /INPUT 1 "reset"
    .port_info 3 /OUTPUT 1 "q"
v0x7fffe6038cd0_0 .net "clk", 0 0, v0x7fffe6058f50_0;  1 drivers
v0x7fffe6058cb0_0 .net "d", 0 0, v0x7fffe6059010_0;  1 drivers
v0x7fffe6058d70_0 .var "q", 0 0;
v0x7fffe6058e10_0 .net "reset", 0 0, v0x7fffe60591e0_0;  1 drivers
E_0x7fffe5ffcc90 .event posedge, v0x7fffe6058e10_0, v0x7fffe6038cd0_0;
    .scope S_0x7fffe6038a90;
T_0 ;
    %wait E_0x7fffe5ffcc90;
    %load/vec4 v0x7fffe6058e10_0;
    %flag_set/vec4 8;
    %jmp/0xz  T_0.0, 8;
    %pushi/vec4 0, 0, 1;
    %assign/vec4 v0x7fffe6058d70_0, 0;
    %jmp T_0.1;
T_0.0 ;
    %load/vec4 v0x7fffe6058cb0_0;
    %inv;
    %assign/vec4 v0x7fffe6058d70_0, 0;
T_0.1 ;
    %jmp T_0;
    .thread T_0;
    .scope S_0x7fffe6038910;
T_1 ;
    %vpi_call 2 10 "$dumpfile", "TFF_tb.vcd" {0 0 0};
    %vpi_call 2 11 "$dumpvars", 32'sb00000000000000000000000000000000, S_0x7fffe6038910 {0 0 0};
    %end;
    .thread T_1;
    .scope S_0x7fffe6038910;
T_2 ;
    %pushi/vec4 0, 0, 1;
    %store/vec4 v0x7fffe60591e0_0, 0, 1;
    %pushi/vec4 0, 0, 1;
    %store/vec4 v0x7fffe6058f50_0, 0, 1;
    %pushi/vec4 0, 0, 1;
    %store/vec4 v0x7fffe6059010_0, 0, 1;
    %delay 20, 0;
    %pushi/vec4 1, 0, 1;
    %store/vec4 v0x7fffe60591e0_0, 0, 1;
    %end;
    .thread T_2;
    .scope S_0x7fffe6038910;
T_3 ;
    %delay 5, 0;
    %load/vec4 v0x7fffe6058f50_0;
    %nor/r;
    %store/vec4 v0x7fffe6058f50_0, 0, 1;
    %jmp T_3;
    .thread T_3;
    .scope S_0x7fffe6038910;
T_4 ;
    %delay 10, 0;
    %load/vec4 v0x7fffe6059010_0;
    %inv;
    %store/vec4 v0x7fffe6059010_0, 0, 1;
    %jmp T_4;
    .thread T_4;
    .scope S_0x7fffe6038910;
T_5 ;
    %wait E_0x7fffe5ffcda0;
    %vpi_call 2 42 "$display", "time:%t d=%b, clk=%b, rst=%b,q=%b\012", $time, v0x7fffe6059010_0, v0x7fffe6058f50_0, v0x7fffe60591e0_0, v0x7fffe60590e0_0 {0 0 0};
    %jmp T_5;
    .thread T_5, $push;
    .scope S_0x7fffe6038910;
T_6 ;
    %delay 100, 0;
    %vpi_call 2 46 "$finish" {0 0 0};
    %end;
    .thread T_6;
# The file index is used to find the file name in the following table.
:file_names 4;
    "N/A";
    "<interactive>";
    "TFF_tb.v";
    "./TFF.v";
