#! /usr/bin/vvp
:ivl_version "10.1 (stable)";
:ivl_delay_selection "TYPICAL";
:vpi_time_precision + 0;
:vpi_module "system";
:vpi_module "vhdl_sys";
:vpi_module "v2005_math";
:vpi_module "va_math";
S_0x7fffd2052790 .scope module, "top" "top" 2 3;
 .timescale 0 0;
v0x7fffd208b060_0 .var "a", 16 1;
v0x7fffd208b190_0 .var "b", 16 1;
v0x7fffd208b2a0_0 .net "cout", 0 0, L_0x7fffd20914f0;  1 drivers
v0x7fffd208b340_0 .var/i "seed", 31 0;
v0x7fffd208b3e0_0 .net "sum", 16 1, L_0x7fffd2090d70;  1 drivers
S_0x7fffd20645e0 .scope module, "cla_rd" "CLA_RD" 2 12, 3 5 0, S_0x7fffd2052790;
 .timescale 0 0;
    .port_info 0 /INPUT 16 "a"
    .port_info 1 /INPUT 16 "b"
    .port_info 2 /OUTPUT 16 "sum"
    .port_info 3 /OUTPUT 1 "carry"
v0x7fffd208aa60_0 .net "a", 16 1, v0x7fffd208b060_0;  1 drivers
v0x7fffd208ab50_0 .net "b", 16 1, v0x7fffd208b190_0;  1 drivers
v0x7fffd208ac20_0 .net "carry", 0 0, L_0x7fffd20914f0;  alias, 1 drivers
v0x7fffd208acf0_0 .net "cin", 16 1, v0x7fffd208a840_0;  1 drivers
v0x7fffd208adc0_0 .net "states", 16 1, v0x7fffd208a2e0_0;  1 drivers
v0x7fffd208af00_0 .net "sum", 16 1, L_0x7fffd2090d70;  alias, 1 drivers
L_0x7fffd208b680 .part v0x7fffd208b060_0, 0, 1;
L_0x7fffd208b770 .part v0x7fffd208b190_0, 0, 1;
L_0x7fffd208ba10 .part v0x7fffd208b060_0, 1, 1;
L_0x7fffd208bb00 .part v0x7fffd208b190_0, 1, 1;
L_0x7fffd208bbd0 .part v0x7fffd208a840_0, 0, 1;
L_0x7fffd208bdf0 .part v0x7fffd208b060_0, 2, 1;
L_0x7fffd208bf20 .part v0x7fffd208b190_0, 2, 1;
L_0x7fffd208c010 .part v0x7fffd208a840_0, 1, 1;
L_0x7fffd208c280 .part v0x7fffd208b060_0, 3, 1;
L_0x7fffd208c370 .part v0x7fffd208b190_0, 3, 1;
L_0x7fffd208c4c0 .part v0x7fffd208a840_0, 2, 1;
L_0x7fffd208c670 .part v0x7fffd208b060_0, 4, 1;
L_0x7fffd208c7d0 .part v0x7fffd208b190_0, 4, 1;
L_0x7fffd208c8c0 .part v0x7fffd208a840_0, 3, 1;
L_0x7fffd208cb20 .part v0x7fffd208b060_0, 5, 1;
L_0x7fffd208cd20 .part v0x7fffd208b190_0, 5, 1;
L_0x7fffd208cfb0 .part v0x7fffd208a840_0, 4, 1;
L_0x7fffd208d200 .part v0x7fffd208b060_0, 6, 1;
L_0x7fffd208d390 .part v0x7fffd208b190_0, 6, 1;
L_0x7fffd208d480 .part v0x7fffd208a840_0, 5, 1;
L_0x7fffd208d2f0 .part v0x7fffd208b060_0, 7, 1;
L_0x7fffd208d7d0 .part v0x7fffd208b190_0, 7, 1;
L_0x7fffd208d980 .part v0x7fffd208a840_0, 6, 1;
L_0x7fffd208dc70 .part v0x7fffd208b060_0, 8, 1;
L_0x7fffd208de30 .part v0x7fffd208b190_0, 8, 1;
L_0x7fffd208df20 .part v0x7fffd208a840_0, 7, 1;
L_0x7fffd208e250 .part v0x7fffd208b060_0, 9, 1;
L_0x7fffd208e340 .part v0x7fffd208b190_0, 9, 1;
L_0x7fffd208e520 .part v0x7fffd208a840_0, 8, 1;
L_0x7fffd208e770 .part v0x7fffd208b060_0, 10, 1;
L_0x7fffd208e960 .part v0x7fffd208b190_0, 10, 1;
L_0x7fffd208ea50 .part v0x7fffd208a840_0, 9, 1;
L_0x7fffd208edb0 .part v0x7fffd208b060_0, 11, 1;
L_0x7fffd208eea0 .part v0x7fffd208b190_0, 11, 1;
L_0x7fffd208f0b0 .part v0x7fffd208a840_0, 10, 1;
L_0x7fffd208f300 .part v0x7fffd208b060_0, 12, 1;
L_0x7fffd208ef90 .part v0x7fffd208b190_0, 12, 1;
L_0x7fffd208f520 .part v0x7fffd208a840_0, 11, 1;
L_0x7fffd208f880 .part v0x7fffd208b060_0, 13, 1;
L_0x7fffd208f970 .part v0x7fffd208b190_0, 13, 1;
L_0x7fffd208fdc0 .part v0x7fffd208a840_0, 12, 1;
L_0x7fffd2090010 .part v0x7fffd208b060_0, 14, 1;
L_0x7fffd2090260 .part v0x7fffd208b190_0, 14, 1;
L_0x7fffd2090350 .part v0x7fffd208a840_0, 13, 1;
L_0x7fffd2090710 .part v0x7fffd208b060_0, 15, 1;
L_0x7fffd2090800 .part v0x7fffd208b190_0, 15, 1;
L_0x7fffd2090a70 .part v0x7fffd208a840_0, 14, 1;
LS_0x7fffd2090d70_0_0 .concat8 [ 1 1 1 1], L_0x7fffd208b590, L_0x7fffd208b920, L_0x7fffd208bd30, L_0x7fffd208c1c0;
LS_0x7fffd2090d70_0_4 .concat8 [ 1 1 1 1], L_0x7fffd208c5d0, L_0x7fffd208ca30, L_0x7fffd208d110, L_0x7fffd208d690;
LS_0x7fffd2090d70_0_8 .concat8 [ 1 1 1 1], L_0x7fffd208db80, L_0x7fffd208e160, L_0x7fffd208e680, L_0x7fffd208ecc0;
LS_0x7fffd2090d70_0_12 .concat8 [ 1 1 1 1], L_0x7fffd208f210, L_0x7fffd208f7c0, L_0x7fffd208ff20, L_0x7fffd2090620;
L_0x7fffd2090d70 .concat8 [ 4 4 4 4], LS_0x7fffd2090d70_0_0, LS_0x7fffd2090d70_0_4, LS_0x7fffd2090d70_0_8, LS_0x7fffd2090d70_0_12;
L_0x7fffd20914f0 .part v0x7fffd208a840_0, 15, 1;
S_0x7fffd2064200 .scope module, "fa_1" "FullAdder" 3 18, 4 1 0, S_0x7fffd20645e0;
 .timescale 0 0;
    .port_info 0 /INPUT 1 "a"
    .port_info 1 /INPUT 1 "b"
    .port_info 2 /INPUT 1 "cin"
    .port_info 3 /OUTPUT 1 "sum"
L_0x7fffd208b4f0 .functor XOR 1, L_0x7fffd208b680, L_0x7fffd208b770, C4<0>, C4<0>;
L_0x7f71dba60018 .functor BUFT 1, C4<0>, C4<0>, C4<0>, C4<0>;
L_0x7fffd208b590 .functor XOR 1, L_0x7fffd208b4f0, L_0x7f71dba60018, C4<0>, C4<0>;
v0x7fffd2067e00_0 .net *"_s0", 0 0, L_0x7fffd208b4f0;  1 drivers
v0x7fffd205a570_0 .net "a", 0 0, L_0x7fffd208b680;  1 drivers
v0x7fffd2058d60_0 .net "b", 0 0, L_0x7fffd208b770;  1 drivers
v0x7fffd2057550_0 .net "cin", 0 0, L_0x7f71dba60018;  1 drivers
v0x7fffd2055d40_0 .net "sum", 0 0, L_0x7fffd208b590;  1 drivers
S_0x7fffd2083630 .scope module, "fa_10" "FullAdder" 3 29, 4 1 0, S_0x7fffd20645e0;
 .timescale 0 0;
    .port_info 0 /INPUT 1 "a"
    .port_info 1 /INPUT 1 "b"
    .port_info 2 /INPUT 1 "cin"
    .port_info 3 /OUTPUT 1 "sum"
L_0x7fffd208e0f0 .functor XOR 1, L_0x7fffd208e250, L_0x7fffd208e340, C4<0>, C4<0>;
L_0x7fffd208e160 .functor XOR 1, L_0x7fffd208e0f0, L_0x7fffd208e520, C4<0>, C4<0>;
v0x7fffd2054530_0 .net *"_s0", 0 0, L_0x7fffd208e0f0;  1 drivers
v0x7fffd2052cf0_0 .net "a", 0 0, L_0x7fffd208e250;  1 drivers
v0x7fffd2083880_0 .net "b", 0 0, L_0x7fffd208e340;  1 drivers
v0x7fffd2083920_0 .net "cin", 0 0, L_0x7fffd208e520;  1 drivers
v0x7fffd20839e0_0 .net "sum", 0 0, L_0x7fffd208e160;  1 drivers
S_0x7fffd2083b70 .scope module, "fa_11" "FullAdder" 3 30, 4 1 0, S_0x7fffd20645e0;
 .timescale 0 0;
    .port_info 0 /INPUT 1 "a"
    .port_info 1 /INPUT 1 "b"
    .port_info 2 /INPUT 1 "cin"
    .port_info 3 /OUTPUT 1 "sum"
L_0x7fffd208e610 .functor XOR 1, L_0x7fffd208e770, L_0x7fffd208e960, C4<0>, C4<0>;
L_0x7fffd208e680 .functor XOR 1, L_0x7fffd208e610, L_0x7fffd208ea50, C4<0>, C4<0>;
v0x7fffd2083d40_0 .net *"_s0", 0 0, L_0x7fffd208e610;  1 drivers
v0x7fffd2083e20_0 .net "a", 0 0, L_0x7fffd208e770;  1 drivers
v0x7fffd2083ee0_0 .net "b", 0 0, L_0x7fffd208e960;  1 drivers
v0x7fffd2083fb0_0 .net "cin", 0 0, L_0x7fffd208ea50;  1 drivers
v0x7fffd2084070_0 .net "sum", 0 0, L_0x7fffd208e680;  1 drivers
S_0x7fffd2084200 .scope module, "fa_12" "FullAdder" 3 31, 4 1 0, S_0x7fffd20645e0;
 .timescale 0 0;
    .port_info 0 /INPUT 1 "a"
    .port_info 1 /INPUT 1 "b"
    .port_info 2 /INPUT 1 "cin"
    .port_info 3 /OUTPUT 1 "sum"
L_0x7fffd208ec50 .functor XOR 1, L_0x7fffd208edb0, L_0x7fffd208eea0, C4<0>, C4<0>;
L_0x7fffd208ecc0 .functor XOR 1, L_0x7fffd208ec50, L_0x7fffd208f0b0, C4<0>, C4<0>;
v0x7fffd20843d0_0 .net *"_s0", 0 0, L_0x7fffd208ec50;  1 drivers
v0x7fffd20844d0_0 .net "a", 0 0, L_0x7fffd208edb0;  1 drivers
v0x7fffd2084590_0 .net "b", 0 0, L_0x7fffd208eea0;  1 drivers
v0x7fffd2084660_0 .net "cin", 0 0, L_0x7fffd208f0b0;  1 drivers
v0x7fffd2084720_0 .net "sum", 0 0, L_0x7fffd208ecc0;  1 drivers
S_0x7fffd20848b0 .scope module, "fa_13" "FullAdder" 3 33, 4 1 0, S_0x7fffd20645e0;
 .timescale 0 0;
    .port_info 0 /INPUT 1 "a"
    .port_info 1 /INPUT 1 "b"
    .port_info 2 /INPUT 1 "cin"
    .port_info 3 /OUTPUT 1 "sum"
L_0x7fffd208f1a0 .functor XOR 1, L_0x7fffd208f300, L_0x7fffd208ef90, C4<0>, C4<0>;
L_0x7fffd208f210 .functor XOR 1, L_0x7fffd208f1a0, L_0x7fffd208f520, C4<0>, C4<0>;
v0x7fffd2084ad0_0 .net *"_s0", 0 0, L_0x7fffd208f1a0;  1 drivers
v0x7fffd2084bd0_0 .net "a", 0 0, L_0x7fffd208f300;  1 drivers
v0x7fffd2084c90_0 .net "b", 0 0, L_0x7fffd208ef90;  1 drivers
v0x7fffd2084d30_0 .net "cin", 0 0, L_0x7fffd208f520;  1 drivers
v0x7fffd2084df0_0 .net "sum", 0 0, L_0x7fffd208f210;  1 drivers
S_0x7fffd2084f80 .scope module, "fa_14" "FullAdder" 3 34, 4 1 0, S_0x7fffd20645e0;
 .timescale 0 0;
    .port_info 0 /INPUT 1 "a"
    .port_info 1 /INPUT 1 "b"
    .port_info 2 /INPUT 1 "cin"
    .port_info 3 /OUTPUT 1 "sum"
L_0x7fffd208f750 .functor XOR 1, L_0x7fffd208f880, L_0x7fffd208f970, C4<0>, C4<0>;
L_0x7fffd208f7c0 .functor XOR 1, L_0x7fffd208f750, L_0x7fffd208fdc0, C4<0>, C4<0>;
v0x7fffd2085150_0 .net *"_s0", 0 0, L_0x7fffd208f750;  1 drivers
v0x7fffd2085250_0 .net "a", 0 0, L_0x7fffd208f880;  1 drivers
v0x7fffd2085310_0 .net "b", 0 0, L_0x7fffd208f970;  1 drivers
v0x7fffd20853e0_0 .net "cin", 0 0, L_0x7fffd208fdc0;  1 drivers
v0x7fffd20854a0_0 .net "sum", 0 0, L_0x7fffd208f7c0;  1 drivers
S_0x7fffd2085630 .scope module, "fa_15" "FullAdder" 3 35, 4 1 0, S_0x7fffd20645e0;
 .timescale 0 0;
    .port_info 0 /INPUT 1 "a"
    .port_info 1 /INPUT 1 "b"
    .port_info 2 /INPUT 1 "cin"
    .port_info 3 /OUTPUT 1 "sum"
L_0x7fffd208feb0 .functor XOR 1, L_0x7fffd2090010, L_0x7fffd2090260, C4<0>, C4<0>;
L_0x7fffd208ff20 .functor XOR 1, L_0x7fffd208feb0, L_0x7fffd2090350, C4<0>, C4<0>;
v0x7fffd2085800_0 .net *"_s0", 0 0, L_0x7fffd208feb0;  1 drivers
v0x7fffd2085900_0 .net "a", 0 0, L_0x7fffd2090010;  1 drivers
v0x7fffd20859c0_0 .net "b", 0 0, L_0x7fffd2090260;  1 drivers
v0x7fffd2085a90_0 .net "cin", 0 0, L_0x7fffd2090350;  1 drivers
v0x7fffd2085b50_0 .net "sum", 0 0, L_0x7fffd208ff20;  1 drivers
S_0x7fffd2085ce0 .scope module, "fa_16" "FullAdder" 3 36, 4 1 0, S_0x7fffd20645e0;
 .timescale 0 0;
    .port_info 0 /INPUT 1 "a"
    .port_info 1 /INPUT 1 "b"
    .port_info 2 /INPUT 1 "cin"
    .port_info 3 /OUTPUT 1 "sum"
L_0x7fffd20905b0 .functor XOR 1, L_0x7fffd2090710, L_0x7fffd2090800, C4<0>, C4<0>;
L_0x7fffd2090620 .functor XOR 1, L_0x7fffd20905b0, L_0x7fffd2090a70, C4<0>, C4<0>;
v0x7fffd2085f20_0 .net *"_s0", 0 0, L_0x7fffd20905b0;  1 drivers
v0x7fffd2086020_0 .net "a", 0 0, L_0x7fffd2090710;  1 drivers
v0x7fffd20860e0_0 .net "b", 0 0, L_0x7fffd2090800;  1 drivers
v0x7fffd20861b0_0 .net "cin", 0 0, L_0x7fffd2090a70;  1 drivers
v0x7fffd2086270_0 .net "sum", 0 0, L_0x7fffd2090620;  1 drivers
S_0x7fffd2086400 .scope module, "fa_2" "FullAdder" 3 19, 4 1 0, S_0x7fffd20645e0;
 .timescale 0 0;
    .port_info 0 /INPUT 1 "a"
    .port_info 1 /INPUT 1 "b"
    .port_info 2 /INPUT 1 "cin"
    .port_info 3 /OUTPUT 1 "sum"
L_0x7fffd208b8b0 .functor XOR 1, L_0x7fffd208ba10, L_0x7fffd208bb00, C4<0>, C4<0>;
L_0x7fffd208b920 .functor XOR 1, L_0x7fffd208b8b0, L_0x7fffd208bbd0, C4<0>, C4<0>;
v0x7fffd2086640_0 .net *"_s0", 0 0, L_0x7fffd208b8b0;  1 drivers
v0x7fffd2086740_0 .net "a", 0 0, L_0x7fffd208ba10;  1 drivers
v0x7fffd2086800_0 .net "b", 0 0, L_0x7fffd208bb00;  1 drivers
v0x7fffd20868d0_0 .net "cin", 0 0, L_0x7fffd208bbd0;  1 drivers
v0x7fffd2086990_0 .net "sum", 0 0, L_0x7fffd208b920;  1 drivers
S_0x7fffd2086ad0 .scope module, "fa_3" "FullAdder" 3 20, 4 1 0, S_0x7fffd20645e0;
 .timescale 0 0;
    .port_info 0 /INPUT 1 "a"
    .port_info 1 /INPUT 1 "b"
    .port_info 2 /INPUT 1 "cin"
    .port_info 3 /OUTPUT 1 "sum"
L_0x7fffd208bcc0 .functor XOR 1, L_0x7fffd208bdf0, L_0x7fffd208bf20, C4<0>, C4<0>;
L_0x7fffd208bd30 .functor XOR 1, L_0x7fffd208bcc0, L_0x7fffd208c010, C4<0>, C4<0>;
v0x7fffd2086d10_0 .net *"_s0", 0 0, L_0x7fffd208bcc0;  1 drivers
v0x7fffd2086e10_0 .net "a", 0 0, L_0x7fffd208bdf0;  1 drivers
v0x7fffd2086ed0_0 .net "b", 0 0, L_0x7fffd208bf20;  1 drivers
v0x7fffd2086fa0_0 .net "cin", 0 0, L_0x7fffd208c010;  1 drivers
v0x7fffd2087060_0 .net "sum", 0 0, L_0x7fffd208bd30;  1 drivers
S_0x7fffd20871f0 .scope module, "fa_4" "FullAdder" 3 21, 4 1 0, S_0x7fffd20645e0;
 .timescale 0 0;
    .port_info 0 /INPUT 1 "a"
    .port_info 1 /INPUT 1 "b"
    .port_info 2 /INPUT 1 "cin"
    .port_info 3 /OUTPUT 1 "sum"
L_0x7fffd208c150 .functor XOR 1, L_0x7fffd208c280, L_0x7fffd208c370, C4<0>, C4<0>;
L_0x7fffd208c1c0 .functor XOR 1, L_0x7fffd208c150, L_0x7fffd208c4c0, C4<0>, C4<0>;
v0x7fffd2087430_0 .net *"_s0", 0 0, L_0x7fffd208c150;  1 drivers
v0x7fffd2087530_0 .net "a", 0 0, L_0x7fffd208c280;  1 drivers
v0x7fffd20875f0_0 .net "b", 0 0, L_0x7fffd208c370;  1 drivers
v0x7fffd20876c0_0 .net "cin", 0 0, L_0x7fffd208c4c0;  1 drivers
v0x7fffd2087780_0 .net "sum", 0 0, L_0x7fffd208c1c0;  1 drivers
S_0x7fffd2087910 .scope module, "fa_5" "FullAdder" 3 23, 4 1 0, S_0x7fffd20645e0;
 .timescale 0 0;
    .port_info 0 /INPUT 1 "a"
    .port_info 1 /INPUT 1 "b"
    .port_info 2 /INPUT 1 "cin"
    .port_info 3 /OUTPUT 1 "sum"
L_0x7fffd208c560 .functor XOR 1, L_0x7fffd208c670, L_0x7fffd208c7d0, C4<0>, C4<0>;
L_0x7fffd208c5d0 .functor XOR 1, L_0x7fffd208c560, L_0x7fffd208c8c0, C4<0>, C4<0>;
v0x7fffd2087b50_0 .net *"_s0", 0 0, L_0x7fffd208c560;  1 drivers
v0x7fffd2087c50_0 .net "a", 0 0, L_0x7fffd208c670;  1 drivers
v0x7fffd2087d10_0 .net "b", 0 0, L_0x7fffd208c7d0;  1 drivers
v0x7fffd2087de0_0 .net "cin", 0 0, L_0x7fffd208c8c0;  1 drivers
v0x7fffd2087ea0_0 .net "sum", 0 0, L_0x7fffd208c5d0;  1 drivers
S_0x7fffd2088030 .scope module, "fa_6" "FullAdder" 3 24, 4 1 0, S_0x7fffd20645e0;
 .timescale 0 0;
    .port_info 0 /INPUT 1 "a"
    .port_info 1 /INPUT 1 "b"
    .port_info 2 /INPUT 1 "cin"
    .port_info 3 /OUTPUT 1 "sum"
L_0x7fffd208c760 .functor XOR 1, L_0x7fffd208cb20, L_0x7fffd208cd20, C4<0>, C4<0>;
L_0x7fffd208ca30 .functor XOR 1, L_0x7fffd208c760, L_0x7fffd208cfb0, C4<0>, C4<0>;
v0x7fffd2088270_0 .net *"_s0", 0 0, L_0x7fffd208c760;  1 drivers
v0x7fffd2088370_0 .net "a", 0 0, L_0x7fffd208cb20;  1 drivers
v0x7fffd2088430_0 .net "b", 0 0, L_0x7fffd208cd20;  1 drivers
v0x7fffd2088500_0 .net "cin", 0 0, L_0x7fffd208cfb0;  1 drivers
v0x7fffd20885c0_0 .net "sum", 0 0, L_0x7fffd208ca30;  1 drivers
S_0x7fffd2088750 .scope module, "fa_7" "FullAdder" 3 25, 4 1 0, S_0x7fffd20645e0;
 .timescale 0 0;
    .port_info 0 /INPUT 1 "a"
    .port_info 1 /INPUT 1 "b"
    .port_info 2 /INPUT 1 "cin"
    .port_info 3 /OUTPUT 1 "sum"
L_0x7fffd208d0a0 .functor XOR 1, L_0x7fffd208d200, L_0x7fffd208d390, C4<0>, C4<0>;
L_0x7fffd208d110 .functor XOR 1, L_0x7fffd208d0a0, L_0x7fffd208d480, C4<0>, C4<0>;
v0x7fffd2088990_0 .net *"_s0", 0 0, L_0x7fffd208d0a0;  1 drivers
v0x7fffd2088a90_0 .net "a", 0 0, L_0x7fffd208d200;  1 drivers
v0x7fffd2088b50_0 .net "b", 0 0, L_0x7fffd208d390;  1 drivers
v0x7fffd2088c20_0 .net "cin", 0 0, L_0x7fffd208d480;  1 drivers
v0x7fffd2088ce0_0 .net "sum", 0 0, L_0x7fffd208d110;  1 drivers
S_0x7fffd2088e70 .scope module, "fa_8" "FullAdder" 3 26, 4 1 0, S_0x7fffd20645e0;
 .timescale 0 0;
    .port_info 0 /INPUT 1 "a"
    .port_info 1 /INPUT 1 "b"
    .port_info 2 /INPUT 1 "cin"
    .port_info 3 /OUTPUT 1 "sum"
L_0x7fffd208d620 .functor XOR 1, L_0x7fffd208d2f0, L_0x7fffd208d7d0, C4<0>, C4<0>;
L_0x7fffd208d690 .functor XOR 1, L_0x7fffd208d620, L_0x7fffd208d980, C4<0>, C4<0>;
v0x7fffd20890b0_0 .net *"_s0", 0 0, L_0x7fffd208d620;  1 drivers
v0x7fffd20891b0_0 .net "a", 0 0, L_0x7fffd208d2f0;  1 drivers
v0x7fffd2089270_0 .net "b", 0 0, L_0x7fffd208d7d0;  1 drivers
v0x7fffd2089340_0 .net "cin", 0 0, L_0x7fffd208d980;  1 drivers
v0x7fffd2089400_0 .net "sum", 0 0, L_0x7fffd208d690;  1 drivers
S_0x7fffd2089590 .scope module, "fa_9" "FullAdder" 3 28, 4 1 0, S_0x7fffd20645e0;
 .timescale 0 0;
    .port_info 0 /INPUT 1 "a"
    .port_info 1 /INPUT 1 "b"
    .port_info 2 /INPUT 1 "cin"
    .port_info 3 /OUTPUT 1 "sum"
L_0x7fffd206aad0 .functor XOR 1, L_0x7fffd208dc70, L_0x7fffd208de30, C4<0>, C4<0>;
L_0x7fffd208db80 .functor XOR 1, L_0x7fffd206aad0, L_0x7fffd208df20, C4<0>, C4<0>;
v0x7fffd20897d0_0 .net *"_s0", 0 0, L_0x7fffd206aad0;  1 drivers
v0x7fffd20898d0_0 .net "a", 0 0, L_0x7fffd208dc70;  1 drivers
v0x7fffd2089990_0 .net "b", 0 0, L_0x7fffd208de30;  1 drivers
v0x7fffd2089a60_0 .net "cin", 0 0, L_0x7fffd208df20;  1 drivers
v0x7fffd2089b20_0 .net "sum", 0 0, L_0x7fffd208db80;  1 drivers
S_0x7fffd2089cb0 .scope module, "fs" "FindStates" 3 14, 5 2 0, S_0x7fffd20645e0;
 .timescale 0 0;
    .port_info 0 /INPUT 16 "a"
    .port_info 1 /INPUT 16 "b"
    .port_info 2 /OUTPUT 16 "out"
v0x7fffd208a040_0 .net "a", 16 1, v0x7fffd208b060_0;  alias, 1 drivers
v0x7fffd208a140_0 .net "b", 16 1, v0x7fffd208b190_0;  alias, 1 drivers
v0x7fffd208a220_0 .var "i", 16 1;
v0x7fffd208a2e0_0 .var "out", 16 1;
E_0x7fffd2032300 .event edge, v0x7fffd208a040_0, v0x7fffd208a140_0, v0x7fffd208a220_0;
S_0x7fffd208a440 .scope module, "rd" "RecursiveDoubling" 3 16, 6 2 0, S_0x7fffd20645e0;
 .timescale 0 0;
    .port_info 0 /INPUT 16 "pgk_old"
    .port_info 1 /OUTPUT 16 "pgk_new"
v0x7fffd208a660_0 .var "i", 16 1;
v0x7fffd208a760_0 .var "j", 16 1;
v0x7fffd208a840_0 .var "pgk_new", 16 1;
v0x7fffd208a930_0 .net "pgk_old", 16 1, v0x7fffd208a2e0_0;  alias, 1 drivers
E_0x7fffd2032b80 .event edge, v0x7fffd208a2e0_0, v0x7fffd208a660_0, v0x7fffd208a760_0, v0x7fffd208a840_0;
    .scope S_0x7fffd2089cb0;
T_0 ;
    %wait E_0x7fffd2032300;
    %load/vec4 v0x7fffd208a040_0;
    %parti/s 1, 0, 2;
    %pushi/vec4 1, 0, 1;
    %cmp/e;
    %flag_get/vec4 4;
    %load/vec4 v0x7fffd208a140_0;
    %parti/s 1, 0, 2;
    %pushi/vec4 1, 0, 1;
    %cmp/e;
    %flag_get/vec4 4;
    %and;
    %flag_set/vec4 8;
    %jmp/0xz  T_0.0, 8;
    %pushi/vec4 1, 0, 1;
    %ix/load 4, 0, 0;
    %flag_set/imm 4, 0;
    %store/vec4 v0x7fffd208a2e0_0, 4, 1;
    %jmp T_0.1;
T_0.0 ;
    %pushi/vec4 0, 0, 1;
    %ix/load 4, 0, 0;
    %flag_set/imm 4, 0;
    %store/vec4 v0x7fffd208a2e0_0, 4, 1;
T_0.1 ;
    %pushi/vec4 2, 0, 16;
    %store/vec4 v0x7fffd208a220_0, 0, 16;
T_0.2 ;
    %load/vec4 v0x7fffd208a220_0;
    %pad/u 32;
    %cmpi/u 16, 0, 32;
    %flag_or 5, 4;
    %jmp/0xz T_0.3, 5;
    %load/vec4 v0x7fffd208a040_0;
    %load/vec4 v0x7fffd208a220_0;
    %pad/u 18;
    %subi 1, 0, 18;
    %part/s 1;
    %pushi/vec4 0, 0, 1;
    %cmp/e;
    %flag_get/vec4 4;
    %load/vec4 v0x7fffd208a140_0;
    %load/vec4 v0x7fffd208a220_0;
    %pad/u 18;
    %subi 1, 0, 18;
    %part/s 1;
    %pushi/vec4 0, 0, 1;
    %cmp/e;
    %flag_get/vec4 4;
    %and;
    %flag_set/vec4 8;
    %jmp/0xz  T_0.4, 8;
    %pushi/vec4 0, 0, 1;
    %load/vec4 v0x7fffd208a220_0;
    %pad/u 18;
    %subi 1, 0, 18;
    %ix/vec4/s 4;
    %store/vec4 v0x7fffd208a2e0_0, 4, 1;
    %jmp T_0.5;
T_0.4 ;
    %load/vec4 v0x7fffd208a040_0;
    %load/vec4 v0x7fffd208a220_0;
    %pad/u 18;
    %subi 1, 0, 18;
    %part/s 1;
    %pushi/vec4 0, 0, 1;
    %cmp/e;
    %flag_get/vec4 4;
    %load/vec4 v0x7fffd208a140_0;
    %load/vec4 v0x7fffd208a220_0;
    %pad/u 18;
    %subi 1, 0, 18;
    %part/s 1;
    %pushi/vec4 1, 0, 1;
    %cmp/e;
    %flag_get/vec4 4;
    %and;
    %flag_set/vec4 8;
    %jmp/0xz  T_0.6, 8;
    %pushi/vec4 1, 1, 1;
    %load/vec4 v0x7fffd208a220_0;
    %pad/u 18;
    %subi 1, 0, 18;
    %ix/vec4/s 4;
    %store/vec4 v0x7fffd208a2e0_0, 4, 1;
    %jmp T_0.7;
T_0.6 ;
    %load/vec4 v0x7fffd208a040_0;
    %load/vec4 v0x7fffd208a220_0;
    %pad/u 18;
    %subi 1, 0, 18;
    %part/s 1;
    %pushi/vec4 1, 0, 1;
    %cmp/e;
    %flag_get/vec4 4;
    %load/vec4 v0x7fffd208a140_0;
    %load/vec4 v0x7fffd208a220_0;
    %pad/u 18;
    %subi 1, 0, 18;
    %part/s 1;
    %pushi/vec4 0, 0, 1;
    %cmp/e;
    %flag_get/vec4 4;
    %and;
    %flag_set/vec4 8;
    %jmp/0xz  T_0.8, 8;
    %pushi/vec4 1, 1, 1;
    %load/vec4 v0x7fffd208a220_0;
    %pad/u 18;
    %subi 1, 0, 18;
    %ix/vec4/s 4;
    %store/vec4 v0x7fffd208a2e0_0, 4, 1;
    %jmp T_0.9;
T_0.8 ;
    %load/vec4 v0x7fffd208a040_0;
    %load/vec4 v0x7fffd208a220_0;
    %pad/u 18;
    %subi 1, 0, 18;
    %part/s 1;
    %pushi/vec4 1, 0, 1;
    %cmp/e;
    %flag_get/vec4 4;
    %load/vec4 v0x7fffd208a140_0;
    %load/vec4 v0x7fffd208a220_0;
    %pad/u 18;
    %subi 1, 0, 18;
    %part/s 1;
    %pushi/vec4 1, 0, 1;
    %cmp/e;
    %flag_get/vec4 4;
    %and;
    %flag_set/vec4 8;
    %jmp/0xz  T_0.10, 8;
    %pushi/vec4 1, 0, 1;
    %load/vec4 v0x7fffd208a220_0;
    %pad/u 18;
    %subi 1, 0, 18;
    %ix/vec4/s 4;
    %store/vec4 v0x7fffd208a2e0_0, 4, 1;
T_0.10 ;
T_0.9 ;
T_0.7 ;
T_0.5 ;
    %load/vec4 v0x7fffd208a220_0;
    %addi 1, 0, 16;
    %store/vec4 v0x7fffd208a220_0, 0, 16;
    %jmp T_0.2;
T_0.3 ;
    %jmp T_0;
    .thread T_0, $push;
    .scope S_0x7fffd208a440;
T_1 ;
    %wait E_0x7fffd2032b80;
    %vpi_call 6 10 "$display", "\012IN: %b", v0x7fffd208a930_0 {0 0 0};
    %load/vec4 v0x7fffd208a930_0;
    %store/vec4 v0x7fffd208a840_0, 0, 16;
    %pushi/vec4 2, 0, 16;
    %store/vec4 v0x7fffd208a660_0, 0, 16;
T_1.0 ;
    %load/vec4 v0x7fffd208a660_0;
    %pad/u 32;
    %cmpi/u 16, 0, 32;
    %flag_or 5, 4;
    %jmp/0xz T_1.1, 5;
    %load/vec4 v0x7fffd208a660_0;
    %store/vec4 v0x7fffd208a760_0, 0, 16;
T_1.2 ;
    %load/vec4 v0x7fffd208a760_0;
    %pad/u 32;
    %cmpi/u 16, 0, 32;
    %flag_or 5, 4;
    %jmp/0xz T_1.3, 5;
    %load/vec4 v0x7fffd208a840_0;
    %load/vec4 v0x7fffd208a760_0;
    %pad/u 18;
    %subi 1, 0, 18;
    %part/s 1;
    %load/vec4 v0x7fffd208a840_0;
    %load/vec4 v0x7fffd208a760_0;
    %pad/u 32;
    %load/vec4 v0x7fffd208a660_0;
    %pad/u 32;
    %sub;
    %addi 1, 0, 32;
    %pad/u 34;
    %subi 1, 0, 34;
    %part/s 1;
    %vpi_call 6 21 "$display", "(%b, %b) -> ", S<1,vec4,u1>, S<0,vec4,u1> {2 0 0};
    %load/vec4 v0x7fffd208a840_0;
    %load/vec4 v0x7fffd208a760_0;
    %pad/u 18;
    %subi 1, 0, 18;
    %part/s 1;
    %dup/vec4;
    %pushi/vec4 0, 0, 1;
    %cmp/u;
    %jmp/1 T_1.4, 6;
    %dup/vec4;
    %pushi/vec4 1, 0, 1;
    %cmp/u;
    %jmp/1 T_1.5, 6;
    %dup/vec4;
    %pushi/vec4 1, 1, 1;
    %cmp/u;
    %jmp/1 T_1.6, 6;
    %jmp T_1.7;
T_1.4 ;
    %pushi/vec4 0, 0, 1;
    %load/vec4 v0x7fffd208a760_0;
    %pad/u 18;
    %subi 1, 0, 18;
    %ix/vec4/s 4;
    %store/vec4 v0x7fffd208a840_0, 4, 1;
    %jmp T_1.7;
T_1.5 ;
    %pushi/vec4 1, 0, 1;
    %load/vec4 v0x7fffd208a760_0;
    %pad/u 18;
    %subi 1, 0, 18;
    %ix/vec4/s 4;
    %store/vec4 v0x7fffd208a840_0, 4, 1;
    %jmp T_1.7;
T_1.6 ;
    %load/vec4 v0x7fffd208a840_0;
    %load/vec4 v0x7fffd208a760_0;
    %pad/u 32;
    %load/vec4 v0x7fffd208a660_0;
    %pad/u 32;
    %sub;
    %addi 1, 0, 32;
    %pad/u 34;
    %subi 1, 0, 34;
    %part/s 1;
    %load/vec4 v0x7fffd208a760_0;
    %pad/u 18;
    %subi 1, 0, 18;
    %ix/vec4/s 4;
    %store/vec4 v0x7fffd208a840_0, 4, 1;
    %jmp T_1.7;
T_1.7 ;
    %pop/vec4 1;
    %load/vec4 v0x7fffd208a840_0;
    %load/vec4 v0x7fffd208a760_0;
    %pad/u 18;
    %subi 1, 0, 18;
    %part/s 1;
    %load/vec4 v0x7fffd208a840_0;
    %load/vec4 v0x7fffd208a760_0;
    %pad/u 32;
    %load/vec4 v0x7fffd208a660_0;
    %pad/u 32;
    %sub;
    %addi 1, 0, 32;
    %pad/u 34;
    %subi 1, 0, 34;
    %part/s 1;
    %vpi_call 6 27 "$display", "(%b, %b)\012", S<1,vec4,u1>, S<0,vec4,u1> {2 0 0};
    %load/vec4 v0x7fffd208a760_0;
    %addi 1, 0, 16;
    %store/vec4 v0x7fffd208a760_0, 0, 16;
    %jmp T_1.2;
T_1.3 ;
    %load/vec4 v0x7fffd208a660_0;
    %ix/load 4, 1, 0;
    %flag_set/imm 4, 0;
    %shiftl 4;
    %store/vec4 v0x7fffd208a660_0, 0, 16;
    %jmp T_1.0;
T_1.1 ;
    %vpi_call 6 34 "$display", "OUT: %b", v0x7fffd208a840_0 {0 0 0};
    %jmp T_1;
    .thread T_1, $push;
    .scope S_0x7fffd2052790;
T_2 ;
    %pushi/vec4 1, 0, 32;
    %store/vec4 v0x7fffd208b340_0, 0, 32;
    %vpi_func 2 17 "$random" 32, v0x7fffd208b340_0 {0 0 0};
    %pushi/vec4 65536, 0, 32;
    %mod;
    %pad/u 16;
    %store/vec4 v0x7fffd208b060_0, 0, 16;
    %vpi_func 2 17 "$random" 32, v0x7fffd208b340_0 {0 0 0};
    %pushi/vec4 65536, 0, 32;
    %mod;
    %pad/u 16;
    %store/vec4 v0x7fffd208b190_0, 0, 16;
    %delay 10, 0;
    %end;
    .thread T_2;
    .scope S_0x7fffd2052790;
T_3 ;
    %vpi_call 2 23 "$monitor", $time, ": a = %b, b = %b, Sum = %b, cout = %b", v0x7fffd208b060_0, v0x7fffd208b190_0, v0x7fffd208b3e0_0, v0x7fffd208b2a0_0 {0 0 0};
    %vpi_call 2 24 "$dumpfile", "CLA_RD.vcd" {0 0 0};
    %vpi_call 2 25 "$dumpvars" {0 0 0};
    %end;
    .thread T_3;
# The file index is used to find the file name in the following table.
:file_names 7;
    "N/A";
    "<interactive>";
    "CLA_RD_tb.v";
    "./CLA_RD.v";
    "./FullAdder.v";
    "./FindStates.v";
    "./RecursiveDoubling.v";
